{"level":"info","message":"POST /api/auth/login - ::1"}
{"level":"info","message":"POST /api/auth/login - ::1"}
{"level":"info","message":"POST /api/auth/login - ::1"}
{"level":"info","message":"POST /api/auth/login - ::1"}
{"level":"info","message":"POST /api/auth/login - ::1"}
{"level":"info","message":"POST /api/auth/login - ::1"}
{"level":"info","message":"POST /api/auth/login - ::1"}
{"level":"info","message":"POST /api/auth/login - ::1"}
{"level":"info","message":"POST /api/auth/login - ::1"}
{"level":"info","message":"POST /api/auth/login - ::1"}
{"level":"info","message":"POST /api/auth/login - ::1"}
{"level":"info","message":"POST /api/auth/login - ::1"}
{"level":"info","message":"POST /api/questionnaires - ::1"}
{"level":"info","message":"POST /api/courses - ::1"}
{"level":"info","message":"GET /api/users - ::1"}
{"level":"info","message":"GET /api/users - ::1"}
{"level":"info","message":"POST /api/auth/register - ::1"}
{"level":"info","message":"POST /api/auth/register - ::1"}
{"level":"info","message":"POST /api/auth/login - ::1"}
{"level":"info","message":"POST /api/courses - ::1"}
{"level":"info","message":"POST /api/courses - ::1"}
{"level":"info","message":"POST /api/courses - ::1"}
{"level":"info","message":"POST /api/courses - ::1"}
{"level":"info","message":"POST /api/courses - ::1"}
{"level":"info","message":"POST /api/auth/register - ::1"}
{"level":"info","message":"POST /api/auth/register - ::1"}
{"level":"info","message":"POST /api/enrollments - ::1"}
{"level":"info","message":"POST /api/enrollments - ::1"}
{"level":"info","message":"POST /api/enrollments - ::1"}
{"level":"info","message":"POST /api/enrollments - ::1"}
{"level":"info","message":"GET /api/questionnaires - ::1"}
{"level":"info","message":"POST /api/auth/login - ::1"}
{"level":"info","message":"GET /api/questionnaires - ::1"}
{"level":"info","message":"POST /api/responses - ::1"}
{"level":"info","message":"POST /api/responses - ::1"}
